/home/jenhung/Documents/Repo/camera3dobjectdetection/camera3d_ros/install/yolov5_ros2/lib/python3.8/site-packages/yolov5_ros2/__init__.py
/home/jenhung/Documents/Repo/camera3dobjectdetection/camera3d_ros/install/yolov5_ros2/lib/python3.8/site-packages/yolov5_ros2/cv_tool.py
/home/jenhung/Documents/Repo/camera3dobjectdetection/camera3d_ros/install/yolov5_ros2/lib/python3.8/site-packages/yolov5_ros2/yolo_detect_3d.py
/home/jenhung/Documents/Repo/camera3dobjectdetection/camera3d_ros/install/yolov5_ros2/lib/python3.8/site-packages/yolov5_ros2/global_settings.py
/home/jenhung/Documents/Repo/camera3dobjectdetection/camera3d_ros/install/yolov5_ros2/lib/python3.8/site-packages/yolov5_ros2/__pycache__/__init__.cpython-38.pyc
/home/jenhung/Documents/Repo/camera3dobjectdetection/camera3d_ros/install/yolov5_ros2/lib/python3.8/site-packages/yolov5_ros2/__pycache__/cv_tool.cpython-38.pyc
/home/jenhung/Documents/Repo/camera3dobjectdetection/camera3d_ros/install/yolov5_ros2/lib/python3.8/site-packages/yolov5_ros2/__pycache__/yolo_detect_3d.cpython-38.pyc
/home/jenhung/Documents/Repo/camera3dobjectdetection/camera3d_ros/install/yolov5_ros2/lib/python3.8/site-packages/yolov5_ros2/__pycache__/global_settings.cpython-38.pyc
/home/jenhung/Documents/Repo/camera3dobjectdetection/camera3d_ros/install/yolov5_ros2/share/ament_index/resource_index/packages/yolov5_ros2
/home/jenhung/Documents/Repo/camera3dobjectdetection/camera3d_ros/install/yolov5_ros2/share/yolov5_ros2/package.xml
/home/jenhung/Documents/Repo/camera3dobjectdetection/camera3d_ros/install/yolov5_ros2/share/yolov5_ros2/launch/yolov5_ros2.launch.py
/home/jenhung/Documents/Repo/camera3dobjectdetection/camera3d_ros/install/yolov5_ros2/share/yolov5_ros2/config/custom_yolov5s6.pt
/home/jenhung/Documents/Repo/camera3dobjectdetection/camera3d_ros/install/yolov5_ros2/share/yolov5_ros2/config/config_inference.ini
/home/jenhung/Documents/Repo/camera3dobjectdetection/camera3d_ros/install/yolov5_ros2/share/yolov5_ros2/config/config_ros.ini
/home/jenhung/Documents/Repo/camera3dobjectdetection/camera3d_ros/install/yolov5_ros2/share/yolov5_ros2/config/custom_yolov5n6.pt
/home/jenhung/Documents/Repo/camera3dobjectdetection/camera3d_ros/install/yolov5_ros2/share/yolov5_ros2/config/config_obj_points.ini
/home/jenhung/Documents/Repo/camera3dobjectdetection/camera3d_ros/install/yolov5_ros2/share/yolov5_ros2/config/custom_yolov5l6.pt
/home/jenhung/Documents/Repo/camera3dobjectdetection/camera3d_ros/install/yolov5_ros2/share/yolov5_ros2/config/camera_info.yaml
/home/jenhung/Documents/Repo/camera3dobjectdetection/camera3d_ros/install/yolov5_ros2/share/yolov5_ros2/config/config_bbox.ini
/home/jenhung/Documents/Repo/camera3dobjectdetection/camera3d_ros/install/yolov5_ros2/share/yolov5_ros2/config/custom_yolov5m6.pt
/home/jenhung/Documents/Repo/camera3dobjectdetection/camera3d_ros/install/yolov5_ros2/share/yolov5_ros2/config/custom_yolov5x6.pt
/home/jenhung/Documents/Repo/camera3dobjectdetection/camera3d_ros/install/yolov5_ros2/share/yolov5_ros2/resource/yolov5_ros2
/home/jenhung/Documents/Repo/camera3dobjectdetection/camera3d_ros/install/yolov5_ros2/lib/python3.8/site-packages/yolov5_ros2-0.0.0-py3.8.egg-info/dependency_links.txt
/home/jenhung/Documents/Repo/camera3dobjectdetection/camera3d_ros/install/yolov5_ros2/lib/python3.8/site-packages/yolov5_ros2-0.0.0-py3.8.egg-info/PKG-INFO
/home/jenhung/Documents/Repo/camera3dobjectdetection/camera3d_ros/install/yolov5_ros2/lib/python3.8/site-packages/yolov5_ros2-0.0.0-py3.8.egg-info/SOURCES.txt
/home/jenhung/Documents/Repo/camera3dobjectdetection/camera3d_ros/install/yolov5_ros2/lib/python3.8/site-packages/yolov5_ros2-0.0.0-py3.8.egg-info/entry_points.txt
/home/jenhung/Documents/Repo/camera3dobjectdetection/camera3d_ros/install/yolov5_ros2/lib/python3.8/site-packages/yolov5_ros2-0.0.0-py3.8.egg-info/requires.txt
/home/jenhung/Documents/Repo/camera3dobjectdetection/camera3d_ros/install/yolov5_ros2/lib/python3.8/site-packages/yolov5_ros2-0.0.0-py3.8.egg-info/top_level.txt
/home/jenhung/Documents/Repo/camera3dobjectdetection/camera3d_ros/install/yolov5_ros2/lib/python3.8/site-packages/yolov5_ros2-0.0.0-py3.8.egg-info/zip-safe
/home/jenhung/Documents/Repo/camera3dobjectdetection/camera3d_ros/install/yolov5_ros2/lib/yolov5_ros2/yolo_detect_3d
