[0.119s] DEBUG:colcon:Command line arguments: ['/usr/bin/colcon', 'build']
[0.119s] DEBUG:colcon:Parsed command line arguments: Namespace(allow_overriding=[], ament_cmake_args=None, base_paths=['.'], build_base='build', catkin_cmake_args=None, catkin_skip_building_tests=False, cmake_args=None, cmake_clean_cache=False, cmake_clean_first=False, cmake_force_configure=False, cmake_target=None, cmake_target_skip_unavailable=False, continue_on_error=False, event_handlers=None, executor='parallel', ignore_user_meta=False, install_base='install', log_base=None, log_level=None, main=<bound method BuildVerb.main of <colcon_core.verb.build.BuildVerb object at 0x7f1bf7d24730>>, merge_install=False, metas=['./colcon.meta'], packages_above=None, packages_above_and_dependencies=None, packages_above_depth=None, packages_end=None, packages_ignore=None, packages_ignore_regex=None, packages_select=None, packages_select_build_failed=False, packages_select_by_dep=None, packages_select_regex=None, packages_select_test_failures=False, packages_skip=None, packages_skip_build_finished=False, packages_skip_by_dep=None, packages_skip_regex=None, packages_skip_test_passed=False, packages_skip_up_to=None, packages_start=None, packages_up_to=None, packages_up_to_regex=None, parallel_workers=8, paths=None, symlink_install=False, test_result_base=None, verb_extension=<colcon_core.verb.build.BuildVerb object at 0x7f1bf7d24730>, verb_name='build', verb_parser=<colcon_defaults.argument_parser.defaults.DefaultArgumentsDecorator object at 0x7f1bf7d24c70>)
[0.142s] Level 1:colcon.colcon_core.package_discovery:discover_packages(colcon_meta) check parameters
[0.142s] Level 1:colcon.colcon_core.package_discovery:discover_packages(recursive) check parameters
[0.142s] Level 1:colcon.colcon_core.package_discovery:discover_packages(ignore) check parameters
[0.142s] Level 1:colcon.colcon_core.package_discovery:discover_packages(path) check parameters
[0.142s] Level 1:colcon.colcon_core.package_discovery:discover_packages(colcon_meta) discover
[0.142s] Level 1:colcon.colcon_core.package_discovery:discover_packages(recursive) discover
[0.142s] INFO:colcon.colcon_core.package_discovery:Crawling recursively for packages in '/home/jenhung/Documents/Repo/camera3dobjectdetection/camera3d_ros'
[0.142s] Level 1:colcon.colcon_core.package_identification:_identify(.) by extensions ['ignore', 'ignore_ament_install']
[0.142s] Level 1:colcon.colcon_core.package_identification:_identify(.) by extension 'ignore'
[0.142s] Level 1:colcon.colcon_core.package_identification:_identify(.) by extension 'ignore_ament_install'
[0.142s] Level 1:colcon.colcon_core.package_identification:_identify(.) by extensions ['colcon_pkg']
[0.142s] Level 1:colcon.colcon_core.package_identification:_identify(.) by extension 'colcon_pkg'
[0.142s] Level 1:colcon.colcon_core.package_identification:_identify(.) by extensions ['colcon_meta']
[0.142s] Level 1:colcon.colcon_core.package_identification:_identify(.) by extension 'colcon_meta'
[0.142s] Level 1:colcon.colcon_core.package_identification:_identify(.) by extensions ['ros']
[0.142s] Level 1:colcon.colcon_core.package_identification:_identify(.) by extension 'ros'
[0.151s] DEBUG:colcon.colcon_core.package_identification:Package '.' with type 'ros.ament_python' and name 'yolov5_ros2'
[0.151s] Level 1:colcon.colcon_core.package_discovery:discover_packages(recursive) using defaults
[0.151s] Level 1:colcon.colcon_core.package_discovery:discover_packages(ignore) discover
[0.151s] Level 1:colcon.colcon_core.package_discovery:discover_packages(ignore) using defaults
[0.151s] Level 1:colcon.colcon_core.package_discovery:discover_packages(path) discover
[0.151s] Level 1:colcon.colcon_core.package_discovery:discover_packages(path) using defaults
[0.172s] Level 1:colcon.colcon_core.package_discovery:discover_packages(prefix_path) check parameters
[0.173s] Level 1:colcon.colcon_core.package_discovery:discover_packages(prefix_path) discover
[0.174s] WARNING:colcon.colcon_ros.prefix_path.ament:The path '/home/jenhung/Documents/Repo/camera3dobjectdetection/camera3d_ros/install/yolov5_ros2' in the environment variable AMENT_PREFIX_PATH doesn't exist
[0.175s] DEBUG:colcon.colcon_installed_package_information.package_discovery:Found 0 installed packages in /home/jenhung/Documents/Repo/camera3dobjectdetection/camera3d_ros/install
[0.177s] DEBUG:colcon.colcon_installed_package_information.package_discovery:Found 1 installed packages in /home/jenhung/Documents/Repo/yolov5_ros2/install
[0.179s] DEBUG:colcon.colcon_installed_package_information.package_discovery:Found 278 installed packages in /opt/ros/galactic
[0.180s] Level 1:colcon.colcon_core.package_discovery:discover_packages(prefix_path) using defaults
[0.245s] Level 5:colcon.colcon_core.verb:set package 'yolov5_ros2' build argument 'cmake_args' from command line to 'None'
[0.245s] Level 5:colcon.colcon_core.verb:set package 'yolov5_ros2' build argument 'cmake_target' from command line to 'None'
[0.245s] Level 5:colcon.colcon_core.verb:set package 'yolov5_ros2' build argument 'cmake_target_skip_unavailable' from command line to 'False'
[0.245s] Level 5:colcon.colcon_core.verb:set package 'yolov5_ros2' build argument 'cmake_clean_cache' from command line to 'False'
[0.245s] Level 5:colcon.colcon_core.verb:set package 'yolov5_ros2' build argument 'cmake_clean_first' from command line to 'False'
[0.245s] Level 5:colcon.colcon_core.verb:set package 'yolov5_ros2' build argument 'cmake_force_configure' from command line to 'False'
[0.245s] Level 5:colcon.colcon_core.verb:set package 'yolov5_ros2' build argument 'ament_cmake_args' from command line to 'None'
[0.245s] Level 5:colcon.colcon_core.verb:set package 'yolov5_ros2' build argument 'catkin_cmake_args' from command line to 'None'
[0.245s] Level 5:colcon.colcon_core.verb:set package 'yolov5_ros2' build argument 'catkin_skip_building_tests' from command line to 'False'
[0.245s] DEBUG:colcon.colcon_core.verb:Building package 'yolov5_ros2' with the following arguments: {'ament_cmake_args': None, 'build_base': '/home/jenhung/Documents/Repo/camera3dobjectdetection/camera3d_ros/build/yolov5_ros2', 'catkin_cmake_args': None, 'catkin_skip_building_tests': False, 'cmake_args': None, 'cmake_clean_cache': False, 'cmake_clean_first': False, 'cmake_force_configure': False, 'cmake_target': None, 'cmake_target_skip_unavailable': False, 'install_base': '/home/jenhung/Documents/Repo/camera3dobjectdetection/camera3d_ros/install/yolov5_ros2', 'merge_install': False, 'path': '/home/jenhung/Documents/Repo/camera3dobjectdetection/camera3d_ros', 'symlink_install': False, 'test_result_base': None}
[0.246s] INFO:colcon.colcon_core.executor:Executing jobs using 'parallel' executor
[0.248s] DEBUG:colcon.colcon_parallel_executor.executor.parallel:run_until_complete
[0.248s] INFO:colcon.colcon_ros.task.ament_python.build:Building ROS package in '/home/jenhung/Documents/Repo/camera3dobjectdetection/camera3d_ros' with build type 'ament_python'
[0.249s] Level 1:colcon.colcon_core.shell:create_environment_hook('yolov5_ros2', 'ament_prefix_path')
[0.253s] INFO:colcon.colcon_core.plugin_system:Skipping extension 'colcon_core.shell.bat': Not used on non-Windows systems
[0.253s] INFO:colcon.colcon_core.shell:Creating environment hook '/home/jenhung/Documents/Repo/camera3dobjectdetection/camera3d_ros/install/yolov5_ros2/share/yolov5_ros2/hook/ament_prefix_path.ps1'
[0.253s] INFO:colcon.colcon_core.shell:Creating environment descriptor '/home/jenhung/Documents/Repo/camera3dobjectdetection/camera3d_ros/install/yolov5_ros2/share/yolov5_ros2/hook/ament_prefix_path.dsv'
[0.254s] INFO:colcon.colcon_core.shell:Creating environment hook '/home/jenhung/Documents/Repo/camera3dobjectdetection/camera3d_ros/install/yolov5_ros2/share/yolov5_ros2/hook/ament_prefix_path.sh'
[0.255s] INFO:colcon.colcon_core.shell:Skip shell extension 'powershell' for command environment: Not usable outside of PowerShell
[0.255s] DEBUG:colcon.colcon_core.shell:Skip shell extension 'dsv' for command environment
[0.413s] WARNING:colcon.colcon_ros.task.ament_python.build:Package 'yolov5_ros2' doesn't explicitly install a marker in the package index (colcon-ros currently does it implicitly but that fallback will be removed in the future)
[0.414s] INFO:colcon.colcon_core.task.python.build:Building Python package in '/home/jenhung/Documents/Repo/camera3dobjectdetection/camera3d_ros'
[0.415s] INFO:colcon.colcon_core.shell:Skip shell extension 'powershell' for command environment: Not usable outside of PowerShell
[0.415s] DEBUG:colcon.colcon_core.shell:Skip shell extension 'dsv' for command environment
[0.840s] DEBUG:colcon.colcon_core.event_handler.log_command:Invoking command in '/home/jenhung/Documents/Repo/camera3dobjectdetection/camera3d_ros': PS1=(ma_venv) \[\e]0;\u@\h: \w\a\]${debian_chroot:+($debian_chroot)}\[\033[01;32m\]\u@\h\[\033[00m\]:\[\033[01;34m\]\w\[\033[00m\]\$ PYTHONPATH=/home/jenhung/Documents/Repo/camera3dobjectdetection/camera3d_ros/install/yolov5_ros2/lib/python3.8/site-packages:${PYTHONPATH} /usr/bin/python3 setup.py egg_info --egg-base build/yolov5_ros2 build --build-base /home/jenhung/Documents/Repo/camera3dobjectdetection/camera3d_ros/build/yolov5_ros2/build install --prefix /home/jenhung/Documents/Repo/camera3dobjectdetection/camera3d_ros/install/yolov5_ros2 --record /home/jenhung/Documents/Repo/camera3dobjectdetection/camera3d_ros/build/yolov5_ros2/install.log --single-version-externally-managed
[1.413s] DEBUG:colcon.colcon_core.event_handler.log_command:Invoked command in '/home/jenhung/Documents/Repo/camera3dobjectdetection/camera3d_ros' returned '0': PS1=(ma_venv) \[\e]0;\u@\h: \w\a\]${debian_chroot:+($debian_chroot)}\[\033[01;32m\]\u@\h\[\033[00m\]:\[\033[01;34m\]\w\[\033[00m\]\$ PYTHONPATH=/home/jenhung/Documents/Repo/camera3dobjectdetection/camera3d_ros/install/yolov5_ros2/lib/python3.8/site-packages:${PYTHONPATH} /usr/bin/python3 setup.py egg_info --egg-base build/yolov5_ros2 build --build-base /home/jenhung/Documents/Repo/camera3dobjectdetection/camera3d_ros/build/yolov5_ros2/build install --prefix /home/jenhung/Documents/Repo/camera3dobjectdetection/camera3d_ros/install/yolov5_ros2 --record /home/jenhung/Documents/Repo/camera3dobjectdetection/camera3d_ros/build/yolov5_ros2/install.log --single-version-externally-managed
[1.417s] Level 1:colcon.colcon_core.environment:checking '/home/jenhung/Documents/Repo/camera3dobjectdetection/camera3d_ros/install/yolov5_ros2' for CMake module files
[1.417s] Level 1:colcon.colcon_core.environment:checking '/home/jenhung/Documents/Repo/camera3dobjectdetection/camera3d_ros/install/yolov5_ros2' for CMake config files
[1.418s] Level 1:colcon.colcon_core.environment:checking '/home/jenhung/Documents/Repo/camera3dobjectdetection/camera3d_ros/install/yolov5_ros2/lib'
[1.418s] Level 1:colcon.colcon_core.environment:checking '/home/jenhung/Documents/Repo/camera3dobjectdetection/camera3d_ros/install/yolov5_ros2/bin'
[1.418s] Level 1:colcon.colcon_core.environment:checking '/home/jenhung/Documents/Repo/camera3dobjectdetection/camera3d_ros/install/yolov5_ros2/lib/pkgconfig/yolov5_ros2.pc'
[1.418s] Level 1:colcon.colcon_core.environment:checking '/home/jenhung/Documents/Repo/camera3dobjectdetection/camera3d_ros/install/yolov5_ros2/lib/python3.8/site-packages'
[1.418s] Level 1:colcon.colcon_core.shell:create_environment_hook('yolov5_ros2', 'pythonpath')
[1.419s] INFO:colcon.colcon_core.shell:Creating environment hook '/home/jenhung/Documents/Repo/camera3dobjectdetection/camera3d_ros/install/yolov5_ros2/share/yolov5_ros2/hook/pythonpath.ps1'
[1.419s] INFO:colcon.colcon_core.shell:Creating environment descriptor '/home/jenhung/Documents/Repo/camera3dobjectdetection/camera3d_ros/install/yolov5_ros2/share/yolov5_ros2/hook/pythonpath.dsv'
[1.419s] INFO:colcon.colcon_core.shell:Creating environment hook '/home/jenhung/Documents/Repo/camera3dobjectdetection/camera3d_ros/install/yolov5_ros2/share/yolov5_ros2/hook/pythonpath.sh'
[1.420s] Level 1:colcon.colcon_core.environment:checking '/home/jenhung/Documents/Repo/camera3dobjectdetection/camera3d_ros/install/yolov5_ros2/bin'
[1.420s] Level 1:colcon.colcon_core.environment:create_environment_scripts_only(yolov5_ros2)
[1.421s] INFO:colcon.colcon_core.shell:Creating package script '/home/jenhung/Documents/Repo/camera3dobjectdetection/camera3d_ros/install/yolov5_ros2/share/yolov5_ros2/package.ps1'
[1.421s] INFO:colcon.colcon_core.shell:Creating package descriptor '/home/jenhung/Documents/Repo/camera3dobjectdetection/camera3d_ros/install/yolov5_ros2/share/yolov5_ros2/package.dsv'
[1.421s] INFO:colcon.colcon_core.shell:Creating package script '/home/jenhung/Documents/Repo/camera3dobjectdetection/camera3d_ros/install/yolov5_ros2/share/yolov5_ros2/package.sh'
[1.422s] INFO:colcon.colcon_core.shell:Creating package script '/home/jenhung/Documents/Repo/camera3dobjectdetection/camera3d_ros/install/yolov5_ros2/share/yolov5_ros2/package.bash'
[1.423s] INFO:colcon.colcon_core.shell:Creating package script '/home/jenhung/Documents/Repo/camera3dobjectdetection/camera3d_ros/install/yolov5_ros2/share/yolov5_ros2/package.zsh'
[1.423s] Level 1:colcon.colcon_core.environment:create_file_with_runtime_dependencies(/home/jenhung/Documents/Repo/camera3dobjectdetection/camera3d_ros/install/yolov5_ros2/share/colcon-core/packages/yolov5_ros2)
[1.423s] DEBUG:colcon.colcon_parallel_executor.executor.parallel:closing loop
[1.423s] DEBUG:colcon.colcon_parallel_executor.executor.parallel:loop closed
[1.423s] DEBUG:colcon.colcon_parallel_executor.executor.parallel:run_until_complete finished with '0'
[1.423s] DEBUG:colcon.colcon_core.event_reactor:joining thread
[1.431s] INFO:colcon.colcon_core.plugin_system:Skipping extension 'colcon_notification.desktop_notification.terminal_notifier': Not used on non-Darwin systems
[1.431s] INFO:colcon.colcon_core.plugin_system:Skipping extension 'colcon_notification.desktop_notification.win32': Not used on non-Windows systems
[1.431s] INFO:colcon.colcon_notification.desktop_notification:Sending desktop notification using 'notify2'
[1.444s] DEBUG:colcon.colcon_core.event_reactor:joined thread
[1.445s] INFO:colcon.colcon_core.shell:Creating prefix script '/home/jenhung/Documents/Repo/camera3dobjectdetection/camera3d_ros/install/local_setup.ps1'
[1.446s] INFO:colcon.colcon_core.shell:Creating prefix util module '/home/jenhung/Documents/Repo/camera3dobjectdetection/camera3d_ros/install/_local_setup_util_ps1.py'
[1.447s] INFO:colcon.colcon_core.shell:Creating prefix chain script '/home/jenhung/Documents/Repo/camera3dobjectdetection/camera3d_ros/install/setup.ps1'
[1.449s] INFO:colcon.colcon_core.shell:Creating prefix script '/home/jenhung/Documents/Repo/camera3dobjectdetection/camera3d_ros/install/local_setup.sh'
[1.449s] INFO:colcon.colcon_core.shell:Creating prefix util module '/home/jenhung/Documents/Repo/camera3dobjectdetection/camera3d_ros/install/_local_setup_util_sh.py'
[1.449s] INFO:colcon.colcon_core.shell:Creating prefix chain script '/home/jenhung/Documents/Repo/camera3dobjectdetection/camera3d_ros/install/setup.sh'
[1.450s] INFO:colcon.colcon_core.shell:Creating prefix script '/home/jenhung/Documents/Repo/camera3dobjectdetection/camera3d_ros/install/local_setup.bash'
[1.451s] INFO:colcon.colcon_core.shell:Creating prefix chain script '/home/jenhung/Documents/Repo/camera3dobjectdetection/camera3d_ros/install/setup.bash'
[1.451s] INFO:colcon.colcon_core.shell:Creating prefix script '/home/jenhung/Documents/Repo/camera3dobjectdetection/camera3d_ros/install/local_setup.zsh'
[1.452s] INFO:colcon.colcon_core.shell:Creating prefix chain script '/home/jenhung/Documents/Repo/camera3dobjectdetection/camera3d_ros/install/setup.zsh'
